[    0.000000] Linux version 4.15.0-212-generic (buildd@lcy02-amd64-083) (gcc version 7.5.0 (Ubuntu 7.5.0-3ubuntu1~18.04)) #223-Ubuntu SMP Tue May 23 13:09:22 UTC 2023 (Ubuntu 4.15.0-212.223-generic 4.15.18)
[    0.000000] Command line: BOOT_IMAGE=/boot/vmlinuz-4.15.0-212-generic root=LABEL=cloudimg-rootfs ro console=tty1 console=ttyS0
[    0.000000] KERNEL supported cpus:
[    0.000000]   Intel GenuineIntel
[    0.000000]   AMD AuthenticAMD
[    0.000000]   Centaur CentaurHauls
[    0.000000] x86/fpu: x87 FPU will use FXSAVE
[    0.000000] e820: BIOS-provided physical RAM map:
[    0.000000] BIOS-e820: [mem 0x0000000000000000-0x000000000009fbff] usable
[    0.000000] BIOS-e820: [mem 0x000000000009fc00-0x000000000009ffff] reserved
[    0.000000] BIOS-e820: [mem 0x00000000000f0000-0x00000000000fffff] reserved
[    0.000000] BIOS-e820: [mem 0x0000000000100000-0x000000003ffeffff] usable
[    0.000000] BIOS-e820: [mem 0x000000003fff0000-0x000000003fffffff] ACPI data
[    0.000000] BIOS-e820: [mem 0x00000000fec00000-0x00000000fec00fff] reserved
[    0.000000] BIOS-e820: [mem 0x00000000fee00000-0x00000000fee00fff] reserved
[    0.000000] BIOS-e820: [mem 0x00000000fffc0000-0x00000000ffffffff] reserved
[    0.000000] NX (Execute Disable) protection: active
[    0.000000] SMBIOS 2.5 present.
[    0.000000] DMI: innotek GmbH VirtualBox/VirtualBox, BIOS VirtualBox 12/01/2006
[    0.000000] Hypervisor detected: KVM
[    0.000000] e820: last_pfn = 0x3fff0 max_arch_pfn = 0x400000000
[    0.000000] MTRR: Disabled
[    0.000000] x86/PAT: MTRRs disabled, skipping PAT initialization too.
[    0.000000] CPU MTRRs all blank - virtualized system.
[    0.000000] x86/PAT: Configuration [0-7]: WB  WT  UC- UC  WB  WT  UC- UC  
[    0.000000] found SMP MP-table at [mem 0x0009fff0-0x0009ffff]
[    0.000000] Scanning 1 areas for low memory corruption
[    0.000000] RAMDISK: [mem 0x359cb000-0x36cdcfff]
[    0.000000] ACPI: Early table checksum verification disabled
[    0.000000] ACPI: RSDP 0x00000000000E0000 000024 (v02 VBOX  )
[    0.000000] ACPI: XSDT 0x000000003FFF0030 00003C (v01 VBOX   VBOXXSDT 00000001 ASL  00000061)
[    0.000000] ACPI: FACP 0x000000003FFF00F0 0000F4 (v04 VBOX   VBOXFACP 00000001 ASL  00000061)
[    0.000000] ACPI: DSDT 0x000000003FFF0470 002325 (v02 VBOX   VBOXBIOS 00000002 INTL 20100528)
[    0.000000] ACPI: FACS 0x000000003FFF0200 000040
[    0.000000] ACPI: FACS 0x000000003FFF0200 000040
[    0.000000] ACPI: APIC 0x000000003FFF0240 00005C (v02 VBOX   VBOXAPIC 00000001 ASL  00000061)
[    0.000000] ACPI: SSDT 0x000000003FFF02A0 0001CC (v01 VBOX   VBOXCPUT 00000002 INTL 20100528)
[    0.000000] ACPI: Reserving FACP table memory at [mem 0x3fff00f0-0x3fff01e3]
[    0.000000] ACPI: Reserving DSDT table memory at [mem 0x3fff0470-0x3fff2794]
[    0.000000] ACPI: Reserving FACS table memory at [mem 0x3fff0200-0x3fff023f]
[    0.000000] ACPI: Reserving FACS table memory at [mem 0x3fff0200-0x3fff023f]
[    0.000000] ACPI: Reserving APIC table memory at [mem 0x3fff0240-0x3fff029b]
[    0.000000] ACPI: Reserving SSDT table memory at [mem 0x3fff02a0-0x3fff046b]
[    0.000000] No NUMA configuration found
[    0.000000] Faking a node at [mem 0x0000000000000000-0x000000003ffeffff]
[    0.000000] NODE_DATA(0) allocated [mem 0x3ffc5000-0x3ffeffff]
[    0.000000] kvm-clock: cpu 0, msr 0:3ff44001, primary cpu clock
[    0.000000] kvm-clock: Using msrs 4b564d01 and 4b564d00
[    0.000000] kvm-clock: using sched offset of 4453434605 cycles
[    0.000000] clocksource: kvm-clock: mask: 0xffffffffffffffff max_cycles: 0x1cd42e4dffb, max_idle_ns: 881590591483 ns
[    0.000000] Zone ranges:
[    0.000000]   DMA      [mem 0x0000000000001000-0x0000000000ffffff]
[    0.000000]   DMA32    [mem 0x0000000001000000-0x000000003ffeffff]
[    0.000000]   Normal   empty
[    0.000000]   Device   empty
[    0.000000] Movable zone start for each node
[    0.000000] Early memory node ranges
[    0.000000]   node   0: [mem 0x0000000000001000-0x000000000009efff]
[    0.000000]   node   0: [mem 0x0000000000100000-0x000000003ffeffff]
[    0.000000] Reserved but unavailable: 104 pages
[    0.000000] Initmem setup node 0 [mem 0x0000000000001000-0x000000003ffeffff]
[    0.000000] ACPI: PM-Timer IO Port: 0x4008
[    0.000000] IOAPIC[0]: apic_id 2, version 32, address 0xfec00000, GSI 0-23
[    0.000000] ACPI: INT_SRC_OVR (bus 0 bus_irq 0 global_irq 2 dfl dfl)
[    0.000000] ACPI: INT_SRC_OVR (bus 0 bus_irq 9 global_irq 9 low level)
[    0.000000] Using ACPI (MADT) for SMP configuration information
[    0.000000] smpboot: Allowing 2 CPUs, 0 hotplug CPUs
[    0.000000] PM: Registered nosave memory: [mem 0x00000000-0x00000fff]
[    0.000000] PM: Registered nosave memory: [mem 0x0009f000-0x0009ffff]
[    0.000000] PM: Registered nosave memory: [mem 0x000a0000-0x000effff]
[    0.000000] PM: Registered nosave memory: [mem 0x000f0000-0x000fffff]
[    0.000000] e820: [mem 0x40000000-0xfebfffff] available for PCI devices
[    0.000000] Booting paravirtualized kernel on KVM
[    0.000000] clocksource: refined-jiffies: mask: 0xffffffff max_cycles: 0xffffffff, max_idle_ns: 7645519600211568 ns
[    0.000000] setup_percpu: NR_CPUS:8192 nr_cpumask_bits:2 nr_cpu_ids:2 nr_node_ids:1
[    0.000000] percpu: Embedded 50 pages/cpu s167936 r8192 d28672 u1048576
[    0.000000] PV qspinlock hash table entries: 256 (order: 0, 4096 bytes)
[    0.000000] Built 1 zonelists, mobility grouping on.  Total pages: 257913
[    0.000000] Policy zone: DMA32
[    0.000000] Kernel command line: BOOT_IMAGE=/boot/vmlinuz-4.15.0-212-generic root=LABEL=cloudimg-rootfs ro console=tty1 console=ttyS0
[    0.000000] Memory: 982644K/1048120K available (12300K kernel code, 2477K rwdata, 4324K rodata, 2480K init, 2720K bss, 65476K reserved, 0K cma-reserved)
[    0.000000] SLUB: HWalign=64, Order=0-3, MinObjects=0, CPUs=2, Nodes=1
[    0.000000] Kernel/User page tables isolation: enabled
[    0.000000] ftrace: allocating 39508 entries in 155 pages
[    0.004000] Hierarchical RCU implementation.
[    0.004000] 	RCU restricting CPUs from NR_CPUS=8192 to nr_cpu_ids=2.
[    0.004000] 	Tasks RCU enabled.
[    0.004000] RCU: Adjusting geometry for rcu_fanout_leaf=16, nr_cpu_ids=2
[    0.004000] NR_IRQS: 524544, nr_irqs: 440, preallocated irqs: 16
[    0.004000] Console: colour VGA+ 80x25
[    0.004000] console [tty1] enabled
[    0.004000] console [ttyS0] enabled
[    0.004000] ACPI: Core revision 20170831
[    0.004000] ACPI: 2 ACPI AML tables successfully acquired and loaded
[    0.004000] APIC: Switch to symmetric I/O mode setup
[    0.004000] ..TIMER: vector=0x30 apic1=0 pin1=2 apic2=-1 pin2=-1
[    0.004004] tsc: Detected 2111.998 MHz processor
[    0.008010] Calibrating delay loop (skipped) preset value.. 4223.99 BogoMIPS (lpj=8447992)
[    0.012005] pid_max: default: 32768 minimum: 301
[    0.016117] Security Framework initialized
[    0.020003] Yama: becoming mindful.
[    0.023730] AppArmor: AppArmor initialized
[    0.032261] Dentry cache hash table entries: 131072 (order: 8, 1048576 bytes)
[    0.042386] Inode-cache hash table entries: 65536 (order: 7, 524288 bytes)
[    0.044094] Mount-cache hash table entries: 2048 (order: 2, 16384 bytes)
[    0.048090] Mountpoint-cache hash table entries: 2048 (order: 2, 16384 bytes)
[    0.053712] Last level iTLB entries: 4KB 64, 2MB 8, 4MB 8
[    0.056004] Last level dTLB entries: 4KB 64, 2MB 0, 4MB 0, 1GB 4
[    0.060004] Spectre V1 : Mitigation: usercopy/swapgs barriers and __user pointer sanitization
[    0.064003] Spectre V2 : Mitigation: Retpolines
[    0.068015] Spectre V2 : Spectre v2 / SpectreRSB mitigation: Filling RSB on context switch
[    0.072002] Spectre V2 : Spectre v2 / SpectreRSB : Filling RSB on VMEXIT
[    0.076003] RETBleed: WARNING: Spectre v2 mitigation leaves CPU vulnerable to RETBleed attacks, data leaks possible!
[    0.080004] RETBleed: Vulnerable
[    0.084003] Speculative Store Bypass: Vulnerable
[    0.088086] MDS: Mitigation: Clear CPU buffers
[    0.092002] MMIO Stale Data: Mitigation: Clear CPU buffers
[    0.096169] Freeing SMP alternatives memory: 36K
[    0.210927] smpboot: CPU0: Intel(R) Core(TM) i7-8650U CPU @ 1.90GHz (family: 0x6, model: 0x8e, stepping: 0xa)
[    0.212531] Performance Events: unsupported p6 CPU model 142 no PMU driver, software events only.
[    0.216148] Hierarchical SRCU implementation.
[    0.220825] NMI watchdog: Perf event create on CPU 0 failed with -2
[    0.224002] NMI watchdog: Perf NMI watchdog permanently disabled
[    0.232289] smp: Bringing up secondary CPUs ...
[    0.237103] x86: Booting SMP configuration:
[    0.240003] .... node  #0, CPUs:      #1
[    0.004000] kvm-clock: cpu 1, msr 0:3ff44041, secondary cpu clock
[    0.254870] TSC synchronization [CPU#0 -> CPU#1]:
[    0.256000] Measured 57767 cycles TSC warp between CPUs, turning off TSC clock.
[    0.256000] tsc: Marking TSC unstable due to check_tsc_sync_source failed
[    0.264289] smp: Brought up 1 node, 2 CPUs
[    0.268014] smpboot: Max logical packages: 1
[    0.272004] smpboot: Total of 2 processors activated (8447.99 BogoMIPS)
[    0.276713] devtmpfs: initialized
[    0.280144] x86/mm: Memory block size: 128MB
[    0.284482] evm: security.selinux
[    0.288003] evm: security.SMACK64
[    0.292002] evm: security.SMACK64EXEC
[    0.296002] evm: security.SMACK64TRANSMUTE
[    0.300005] evm: security.SMACK64MMAP
[    0.304003] evm: security.apparmor
[    0.308007] evm: security.ima
[    0.312006] evm: security.capability
[    0.316547] clocksource: jiffies: mask: 0xffffffff max_cycles: 0xffffffff, max_idle_ns: 7645041785100000 ns
[    0.320162] futex hash table entries: 512 (order: 3, 32768 bytes)
[    0.324288] pinctrl core: initialized pinctrl subsystem
[    0.328635] RTC time: 20:36:43, date: 06/02/25
[    0.333511] NET: Registered protocol family 16
[    0.336151] audit: initializing netlink subsys (disabled)
[    0.340353] audit: type=2000 audit(1748896609.010:1): state=initialized audit_enabled=0 res=1
[    0.352015] cpuidle: using governor ladder
[    0.356017] cpuidle: using governor menu
[    0.360150] ACPI: bus type PCI registered
[    0.364007] acpiphp: ACPI Hot Plug PCI Controller Driver version: 0.5
[    0.368675] PCI: Using configuration type 1 for base access
[    0.380178] HugeTLB registered 2.00 MiB page size, pre-allocated 0 pages
[    0.392290] ACPI: Added _OSI(Module Device)
[    0.396123] ACPI: Added _OSI(Processor Device)
[    0.400005] ACPI: Added _OSI(3.0 _SCP Extensions)
[    0.404002] ACPI: Added _OSI(Processor Aggregator Device)
[    0.408006] ACPI: Added _OSI(Linux-Dell-Video)
[    0.412000] ACPI: Added _OSI(Linux-Lenovo-NV-HDMI-Audio)
[    0.412003] ACPI: Added _OSI(Linux-HPI-Hybrid-Graphics)
[    0.416960] ACPI: Executed 1 blocks of module-level executable AML code
[    0.426428] ACPI: Interpreter enabled
[    0.428011] ACPI: (supports S0 S5)
[    0.432003] ACPI: Using IOAPIC for interrupt routing
[    0.436436] PCI: Using host bridge windows from ACPI; if necessary, use "pci=nocrs" and report a bug
[    0.440267] ACPI: Enabled 2 GPEs in block 00 to 07
[    0.456499] ACPI: PCI Root Bridge [PCI0] (domain 0000 [bus 00-ff])
[    0.460010] acpi PNP0A03:00: _OSC: OS supports [ASPM ClockPM Segments MSI]
[    0.464765] acpi PNP0A03:00: _OSC: not requesting OS control; OS requires [ExtendedConfig ASPM ClockPM MSI]
[    0.468018] acpi PNP0A03:00: fail to add MMCONFIG information, can't access extended PCI configuration space under this bridge.
[    0.476241] PCI host bridge to bus 0000:00
[    0.480004] pci_bus 0000:00: root bus resource [io  0x0000-0x0cf7 window]
[    0.484003] pci_bus 0000:00: root bus resource [io  0x0d00-0xffff window]
[    0.488005] pci_bus 0000:00: root bus resource [mem 0x000a0000-0x000bffff window]
[    0.492010] pci_bus 0000:00: root bus resource [mem 0x40000000-0xfdffffff window]
[    0.496005] pci_bus 0000:00: root bus resource [bus 00-ff]
[    0.508756] pci 0000:00:01.1: legacy IDE quirk: reg 0x10: [io  0x01f0-0x01f7]
[    0.512005] pci 0000:00:01.1: legacy IDE quirk: reg 0x14: [io  0x03f6]
[    0.516007] pci 0000:00:01.1: legacy IDE quirk: reg 0x18: [io  0x0170-0x0177]
[    0.520006] pci 0000:00:01.1: legacy IDE quirk: reg 0x1c: [io  0x0376]
[    0.552323] pci 0000:00:07.0: quirk: [io  0x4000-0x403f] claimed by PIIX4 ACPI
[    0.556041] pci 0000:00:07.0: quirk: [io  0x4100-0x410f] claimed by PIIX4 SMB
[    0.573002] ACPI: PCI Interrupt Link [LNKA] (IRQs 5 9 10 *11)
[    0.576560] ACPI: PCI Interrupt Link [LNKB] (IRQs 5 9 *10 11)
[    0.580370] ACPI: PCI Interrupt Link [LNKC] (IRQs 5 *9 10 11)
[    0.584238] ACPI: PCI Interrupt Link [LNKD] (IRQs 5 9 10 *11)
[    0.589241] SCSI subsystem initialized
[    0.596435] pci 0000:00:02.0: vgaarb: setting as boot VGA device
[    0.600000] pci 0000:00:02.0: vgaarb: VGA device added: decodes=io+mem,owns=io+mem,locks=none
[    0.600010] pci 0000:00:02.0: vgaarb: bridge control possible
[    0.604005] vgaarb: loaded
[    0.608154] ACPI: bus type USB registered
[    0.612084] usbcore: registered new interface driver usbfs
[    0.616033] usbcore: registered new interface driver hub
[    0.620015] usbcore: registered new device driver usb
[    0.628130] EDAC MC: Ver: 3.0.0
[    0.633155] PCI: Using ACPI for IRQ routing
[    0.640141] NetLabel: Initializing
[    0.643630] NetLabel:  domain hash size = 128
[    0.644002] NetLabel:  protocols = UNLABELED CIPSOv4 CALIPSO
[    0.648020] NetLabel:  unlabeled traffic allowed by default
[    0.656236] clocksource: Switched to clocksource kvm-clock
[    0.692961] VFS: Disk quotas dquot_6.6.0
[    0.692961] VFS: Dquot-cache hash table entries: 512 (order 0, 4096 bytes)
[    0.692961] AppArmor: AppArmor Filesystem Enabled
[    0.692961] pnp: PnP ACPI init
[    0.692961] pnp: PnP ACPI: found 3 devices
[    0.786784] clocksource: acpi_pm: mask: 0xffffff max_cycles: 0xffffff, max_idle_ns: 2085701024 ns
[    0.788248] NET: Registered protocol family 2
[    0.788248] IP idents hash table entries: 16384 (order: 5, 131072 bytes)
[    0.809621] TCP established hash table entries: 8192 (order: 4, 65536 bytes)
[    0.817650] TCP bind hash table entries: 8192 (order: 5, 131072 bytes)
[    0.821275] TCP: Hash tables configured (established 8192 bind 8192)
[    0.821275] UDP hash table entries: 512 (order: 2, 16384 bytes)
[    0.821275] UDP-Lite hash table entries: 512 (order: 2, 16384 bytes)
[    0.821275] NET: Registered protocol family 1
[    0.821275] pci 0000:00:00.0: Limiting direct PCI/PCI transfers
[    0.821275] pci 0000:00:01.0: Activating ISA DMA hang workarounds
[    0.821275] pci 0000:00:02.0: Video device with shadowed ROM at [mem 0x000c0000-0x000dffff]
[    0.821275] Unpacking initramfs...
[    1.380919] Freeing initrd memory: 19528K
[    1.385800] clocksource: tsc: mask: 0xffffffffffffffff max_cycles: 0x1e71768ef8b, max_idle_ns: 440795218977 ns
[    1.395264] platform rtc_cmos: registered platform RTC device (no PNP device found)
[    1.403173] Scanning for low memory corruption every 60 seconds
[    1.412683] Initialise system trusted keyrings
[    1.417686] Key type blacklist registered
[    1.422395] workingset: timestamp_bits=36 max_order=18 bucket_order=0
[    1.433013] zbud: loaded
[    1.438176] squashfs: version 4.0 (2009/01/31) Phillip Lougher
[    1.446472] fuse init (API version 7.26)
[    1.500474] Key type asymmetric registered
[    1.505345] Asymmetric key parser 'x509' registered
[    1.512241] Block layer SCSI generic (bsg) driver version 0.4 loaded (major 246)
[    1.519873] io scheduler noop registered
[    1.524327] io scheduler deadline registered
[    1.529408] io scheduler cfq registered (default)
[    1.535188] ACPI: AC Adapter [AC] (on-line)
[    1.540181] input: Power Button as /devices/LNXSYSTM:00/LNXPWRBN:00/input/input0
[    1.548771] ACPI: Power Button [PWRF]
[    1.553160] input: Sleep Button as /devices/LNXSYSTM:00/LNXSLPBN:00/input/input1
[    1.562529] ACPI: Sleep Button [SLPF]
[    1.569674] ACPI: Battery Slot [BAT0] (battery present)
[    1.576419] Serial: 8250/16550 driver, 32 ports, IRQ sharing enabled
[    1.610929] 00:02: ttyS0 at I/O 0x3f8 (irq = 4, base_baud = 115200) is a 16550A
[    1.613981] Linux agpgart interface v0.103
[    1.632558] loop: module loaded
[    1.644576] scsi host0: ata_piix
[    1.649778] scsi host1: ata_piix
[    1.653506] ata1: PATA max UDMA/33 cmd 0x1f0 ctl 0x3f6 bmdma 0xd000 irq 14
[    1.657381] ata2: PATA max UDMA/33 cmd 0x170 ctl 0x376 bmdma 0xd008 irq 15
[    1.667615] tun: Universal TUN/TAP device driver, 1.6
[    1.673205] PPP generic driver version 2.4.2
[    1.678747] ehci_hcd: USB 2.0 'Enhanced' Host Controller (EHCI) Driver
[    1.682583] ehci-pci: EHCI PCI platform driver
[    1.682583] ehci-platform: EHCI generic platform driver
[    1.682583] ohci_hcd: USB 1.1 'Open' Host Controller (OHCI) Driver
[    1.682583] ohci-pci: OHCI PCI platform driver
[    1.682583] ohci-platform: OHCI generic platform driver
[    1.682583] uhci_hcd: USB Universal Host Controller Interface driver
[    1.682583] i8042: PNP: PS/2 Controller [PNP0303:PS2K,PNP0f03:PS2M] at 0x60,0x64 irq 1,12
[    1.682583] serio: i8042 KBD port at 0x60,0x64 irq 1
[    1.682583] serio: i8042 AUX port at 0x60,0x64 irq 12
[    1.682583] mousedev: PS/2 mouse device common for all mice
[    1.750497] rtc_cmos rtc_cmos: rtc core: registered rtc_cmos as rtc0
[    1.758250] input: AT Translated Set 2 keyboard as /devices/platform/i8042/serio0/input/input2
[    1.766627] rtc_cmos rtc_cmos: alarms up to one day, 114 bytes nvram
[    1.774854] i2c /dev entries driver
[    1.779193] device-mapper: uevent: version 1.0.3
[    1.784991] device-mapper: ioctl: 4.37.0-ioctl (2017-09-20) initialised: dm-devel@redhat.com
[    1.794602] ledtrig-cpu: registered to indicate activity on CPUs
[    1.804629] NET: Registered protocol family 10
[    1.822762] Segment Routing with IPv6
[    1.828346] NET: Registered protocol family 17
[    1.833875] Key type dns_resolver registered
[    1.860513] mce: Using 0 MCE banks
[    1.864897] RAS: Correctable Errors collector initialized.
[    1.870540] sched_clock: Marking stable (1870408603, 0)->(2742955602, -872546999)
[    1.895416] registered taskstats version 1
[    1.900634] Loading compiled-in X.509 certificates
[    1.910444] Loaded X.509 cert 'Build time autogenerated kernel key: b5b26778eaa3ab3a4a6cee031137706e947d12ad'
[    1.922802] Loaded X.509 cert 'Canonical Ltd. Live Patch Signing: 14df34d1a87cf37625abec039ef2bf521249b969'
[    1.933405] Loaded X.509 cert 'Canonical Ltd. Kernel Module Signing: 88f752e560a1e0737e31163a466ad7b70a850c19'
[    1.944207] blacklist: Loading compiled-in revocation X.509 certificates
[    1.951595] Loaded X.509 cert 'Canonical Ltd. Secure Boot Signing: 61482aa2830d0ab2ad5af10b7250da9033ddcef0'
[    1.961681] Loaded X.509 cert 'Canonical Ltd. Secure Boot Signing (2017): 242ade75ac4a15e50d50c84b0d45ff3eae707a03'
[    1.973075] Loaded X.509 cert 'Canonical Ltd. Secure Boot Signing (ESM 2018): 365188c1d374d6b07c3c8f240f8ef722433d6a8b'
[    1.985428] Loaded X.509 cert 'Canonical Ltd. Secure Boot Signing (2019): c0746fd6c5da3ae827864651ad66ae47fe24b3e8'
[    1.996494] Loaded X.509 cert 'Canonical Ltd. Secure Boot Signing (2021 v1): a8d54bbb3825cfb94fa13c9f8a594a195c107b8d'
[    2.008116] Loaded X.509 cert 'Canonical Ltd. Secure Boot Signing (2021 v2): 4cf046892d6fd3c9a5b03f98d845f90851dc6a8c'
[    2.022302] Loaded X.509 cert 'Canonical Ltd. Secure Boot Signing (2021 v3): 100437bb6de6e469b581e61cd66bce3ef4ed53af'
[    2.033898] Loaded X.509 cert 'Canonical Ltd. Secure Boot Signing (Ubuntu Core 2019): c1d57b8f6b743f23ee41f4f7ee292f06eecadfb9'
[    2.046412] zswap: loaded using pool lzo/zbud
[    2.063039] Key type big_key registered
[    2.068351] Key type trusted registered
[    2.077730] Key type encrypted registered
[    2.084582] AppArmor: AppArmor sha1 policy hashing enabled
[    2.089971] ima: No TPM chip found, activating TPM-bypass! (rc=-19)
[    2.096663] ima: Allocated hash algorithm: sha1
[    2.101618] evm: HMAC attrs: 0x1
[    2.106120]   Magic number: 13:851:648
[    2.110502] acpi LNXCPU:01: hash matches
[    2.115624] rtc_cmos rtc_cmos: setting system clock to 2025-06-02 20:36:45 UTC (1748896605)
[    2.124701] BIOS EDD facility v0.16 2004-Jun-25, 0 devices found
[    2.131578] EDD information not available.
[    2.140335] Freeing unused kernel image memory: 2480K
[    2.168106] Write protecting the kernel read-only data: 20480k
[    2.177929] Freeing unused kernel image memory: 2008K
[    2.184518] Freeing unused kernel image memory: 1820K
[    2.196731] x86/mm: Checked W+X mappings: passed, no W+X pages found.
[    2.203444] x86/mm: Checking user space page tables
[    2.216098] x86/mm: Checked W+X mappings: passed, no W+X pages found.
Loading, please wait...
starting version 237
[    2.378442] e1000: Intel(R) PRO/1000 Network Driver - version 7.3.21-k8-NAPI
[    2.388068] e1000: Copyright (c) 1999-2006 Intel Corporation.
[    2.404630] Fusion MPT base driver 3.04.20
[    2.412262] Copyright (c) 1999-2008 LSI Corporation
[    2.457819] Fusion MPT SPI Host driver 3.04.20
[    2.642030] input: ImExPS/2 Generic Explorer Mouse as /devices/platform/i8042/serio1/input/input4
[    3.190240] e1000 0000:00:03.0 eth0: (PCI:33MHz:32-bit) 02:3b:7b:b7:3b:2d
[    3.198931] e1000 0000:00:03.0 eth0: Intel(R) PRO/1000 Network Connection
[    3.208477] mptbase: ioc0: Initiating bringup
[    3.209709] e1000 0000:00:03.0 enp0s3: renamed from eth0
[    3.319099] ioc0: LSI53C1030 A0: Capabilities={Initiator}
[    3.580289] scsi host2: ioc0: LSI53C1030 A0, FwRev=00000000h, Ports=1, MaxQ=256, IRQ=20
[    3.758285] scsi 2:0:0:0: Direct-Access     VBOX     HARDDISK         1.0  PQ: 0 ANSI: 5
[    3.806940] scsi target2:0:0: Beginning Domain Validation
[    3.820510] scsi target2:0:0: Domain Validation skipping write tests
[    3.827495] scsi target2:0:0: Ending Domain Validation
[    3.833069] scsi target2:0:0: asynchronous
[    3.839650] scsi 2:0:1:0: Direct-Access     VBOX     HARDDISK         1.0  PQ: 0 ANSI: 5
[    4.917349] scsi target2:0:1: Beginning Domain Validation
[    4.938258] scsi target2:0:1: Domain Validation skipping write tests
[    4.948190] scsi target2:0:1: Ending Domain Validation
[    4.957729] scsi target2:0:1: asynchronous
[    4.989594] sd 2:0:0:0: [sda] 83886080 512-byte logical blocks: (42.9 GB/40.0 GiB)
[    4.990760] sd 2:0:0:0: Attached scsi generic sg0 type 0
[    5.016329] sd 2:0:0:0: [sda] Write Protect is off
[    5.032598] sd 2:0:0:0: [sda] Incomplete mode parameter data
[    5.034059] sd 2:0:1:0: Attached scsi generic sg1 type 0
[    5.043893] sd 2:0:0:0: [sda] Assuming drive cache: write through
[    5.053116] sd 2:0:1:0: [sdb] 20480 512-byte logical blocks: (10.5 MB/10.0 MiB)
[    5.082820] sd 2:0:1:0: [sdb] Write Protect is off
[    5.097418] sd 2:0:1:0: [sdb] Incomplete mode parameter data
[    5.107805] sd 2:0:1:0: [sdb] Assuming drive cache: write through
[    5.117652]  sda: sda1
[    5.131195] sd 2:0:0:0: [sda] Attached SCSI disk
[    5.147481] sd 2:0:1:0: [sdb] Attached SCSI disk
Begin: Loading essential drivers ... [    7.408628] raid6: sse2x1   gen() 12012 MB/s
[    7.460317] raid6: sse2x1   xor()  8372 MB/s
[    7.512167] raid6: sse2x2   gen() 14744 MB/s
[    7.564795] raid6: sse2x2   xor() 11033 MB/s
[    7.616374] raid6: sse2x4   gen() 16437 MB/s
[    7.669236] raid6: sse2x4   xor() 10714 MB/s
[    7.674285] raid6: using algorithm sse2x4 gen() 16437 MB/s
[    7.679462] raid6: .... xor() 10714 MB/s, rmw enabled
[    7.684662] raid6: using ssse3x2 recovery algorithm
[    7.691187] xor: measuring software checksum speed
[    7.737482]    prefetch64-sse: 23044.000 MB/sec
[    7.780550]    generic_sse: 17715.000 MB/sec
[    7.786261] xor: using function: prefetch64-sse (23044.000 MB/sec)
[    7.797674] async_tx: api initialized (async)
done.
Begin: Running /scripts/init-premount ... done.
Begin: Mounting root file system ... Begin: Running /scripts/local-top ... done.
Begin: Running /scripts/local-premount ... [    7.881092] Btrfs loaded, crc32c=crc32c-intel
Scanning for Btrfs filesystems
done.
Warning: fsck not present, so skipping root file system
[    7.942379] EXT4-fs (sda1): mounted filesystem with ordered data mode. Opts: (null)
done.
Begin: Running /scripts/local-bottom ... done.
Begin: Running /scripts/init-bottom ... done.
[    8.217439] ip_tables: (C) 2000-2006 Netfilter Core Team
[    8.245223] systemd[1]: systemd 237 running in system mode. (+PAM +AUDIT +SELINUX +IMA +APPARMOR +SMACK +SYSVINIT +UTMP +LIBCRYPTSETUP +GCRYPT +GNUTLS +ACL +XZ +LZ4 +SECCOMP +BLKID +ELFUTILS +KMOD -IDN2 +IDN -PCRE2 default-hierarchy=hybrid)
[    8.266181] systemd[1]: Detected virtualization oracle.
[    8.272131] systemd[1]: Detected architecture x86-64.

Welcome to [1mUbuntu 18.04.6 LTS[0m!

[    8.319364] systemd[1]: Set hostname to <ubuntu>.
[    8.332683] random: systemd: uninitialized urandom read (16 bytes read)
[    8.339383] systemd[1]: Initializing machine ID from random generator.
[    8.346305] systemd[1]: Installed transient /etc/machine-id file.
[    8.774431] random: systemd: uninitialized urandom read (16 bytes read)
[    8.781803] systemd[1]: Set up automount Arbitrary Executable File Formats File System Automount Point.
[[0;32m  OK  [0m] Set up automount Arbitrary Executab…rmats File System Automount Point.
[    8.798748] random: systemd: uninitialized urandom read (16 bytes read)
[    8.805763] systemd[1]: Reached target System Time Synchronized.
[[0;32m  OK  [0m] Reached target System Time Synchronized.
[    8.817307] systemd[1]: Started Forward Password Requests to Wall Directory Watch.
[[0;32m  OK  [0m] Started Forward Password Requests to Wall Directory Watch.
[    8.830884] systemd[1]: Reached target Swap.
[[0;32m  OK  [0m] Reached target Swap.
[[0;32m  OK  [0m] Reached target Mounting snaps.
[[0;32m  OK  [0m] Reached target Mounted snaps.
[[0;32m  OK  [0m] Created slice User and Session Slice.
[[0;32m  OK  [0m] Reached target User and Group Name Lookups.
[[0;32m  OK  [0m] Created slice System Slice.
[[0;32m  OK  [0m] Reached target Slices.
[[0;32m  OK  [0m] Listening on Journal Socket.
         Mounting Kernel Debug File System...
         Mounting Huge Pages File System...
         Mounting POSIX Message Queue File System...
[[0;32m  OK  [0m] Listening on Network Service Netlink Socket.
         Starting Set the console keyboard layout...
[[0;32m  OK  [0m] Listening on Journal Socket (/dev/log).
         Starting Load Kernel Modules...
[[0;32m  OK  [0m] Listening on /dev/initctl Compatibility Named Pipe.
[[0;32m  OK  [0m] Created slice system-serial\x2dgetty.slice.
[[0;32m  OK  [0m] Listening on udev Kernel Socket.
         Starting Create list of required st…ce nodes for the current kernel...
[[0;32m  OK  [0m] [    8.954141] Loading iSCSI transport class v2.0-870.
Listening on Device-mapper event daemon FIFOs.
[[0;32m  OK  [0m] Listening on Journal Audit Socket.
[[0;32m  OK  [0m] Listening on Syslog Socket.
         Starting Uncomplicated firewall...
[[0;32m  OK  [0m] Listening on LVM2 metadata daemon socket.
         Starting Monitoring of LVM2 mirrors…ng dmeventd or progress polling...
[[0;32m  OK  [0m] Listening on LVM2 poll daemon socket.
[[0;32m  OK  [0m] Listening on fsck to fsckd communication Socket.
         Starting File System Check on Root Device...
[[0;32m  OK  [0m] Listening on udev Control Socket.
         Starting udev Coldplug all Devices...
         Starting Journal Service...
[[0;32m  OK  [0m] Mounted Kernel Debug File System.
[[0;32m  OK  [0m] Mounted Huge Pages File System.
[[0;32m  OK  [0m] Mounted POSIX Message Queue File System.
[[0;32m  OK  [0m] Started Create list of required sta…vice nodes for the current kernel.
[[0;32m  OK  [0m] Started Uncomplicated firewall.
         Starting Create Static Device Nodes in /dev...
[[0;32m  OK  [0m] Started LVM2 metadata daemon.
[    9.092949] iscsi: registered transport (tcp)
[[0;32m  OK  [0m] Started File System Check Daemon to report status.
[[0;32m  OK  [0m] Started Journal Service.
[[0;32m  OK  [0m] Started udev Coldplug all Devices.
[[0;32m  OK  [0m] Started Create Static Device Nodes in /dev.
[[0;32m  OK  [0m] Started File System Check on Root Device.
         Starting Remount Root and Kernel File Systems...
[[0;32m  OK  [0m] Started Monitoring of LVM2 mirrors,…sing dmeventd or progress polling.
[    9.317954] iscsi: registered transport (iser)
[[0;32m  OK  [0m] Started Load Kernel Modules.
[    9.329919] random: systemd: uninitialized urandom read (16 bytes read)
[    9.343536] EXT4-fs (sda1): re-mounted. Opts: (null)
[    9.351962] random: systemd-journal: uninitialized urandom read (16 bytes read)
         Mounting Kernel Configuration File System...
[    9.367754] random: systemd: uninitialized urandom read (16 bytes read)
         Mounting FUSE Control File System...
         Starting Apply Kernel Variables...
[[0;32m  OK  [0m] Started Remount Root and Kernel File Systems.
[[0;32m  OK  [0m] Mounted Kernel Configuration File System.
[[0;32m  OK  [0m] Mounted FUSE Control File System.
         Starting Flush Journal to Persistent Storage...
         Starting Load/Save Random Seed...
         Starting udev Kernel Device Manager...
[[0;32m  OK  [0m] Started Load/Save Random Seed.
[[0;32m  OK  [0m] Started Apply Kernel Variables.
[[0;32m  OK  [0m] Started Flush Journal to Persistent Storage.
[[0;32m  OK  [0m] Started udev Kernel Device Manager.
[[0;32m  OK  [0m] Found device /dev/ttyS0.
[[0;32m  OK  [0m] Listening on Load/Save RF Kill Switch Status /dev/rfkill Watch.
[[0;32m  OK  [0m] Started Set the console keyboard layout.
[[0;32m  OK  [0m] Reached target Local File Systems (Pre).
[[0;32m  OK  [0m] Reached target Local File Systems.
         Starting AppArmor initialization...
         Starting Create Volatile Files and Directories...
         Starting Commit a transient machine-id on disk...
         Starting ebtables ruleset management...
         Starting Set console font and keymap...
         Starting Tell Plymouth To Write Out Runtime Data...
[[0;32m  OK  [0m] Started Dispatch Password Requests to Console Directory Watch.
[[0;32m  OK  [0m] Reached target Local Encrypted Volumes.
[[0;32m  OK  [0m] Started Tell Plymouth To Write Out Runtime Data.
[[0;32m  OK  [0m] Started Create Volatile Files and Directories.
         Starting Update UTMP about System Boot/Shutdown...
[[0;32m  OK  [0m] Started Commit a transient machine-id on disk.
[[0;32m  OK  [0m] Started Update UTMP about System Boot/Shutdown.
         Mounting Arbitrary Executable File Formats File System...
[[0;32m  OK  [0m] Started ebtables ruleset management.
[[0;32m  OK  [0m] Mounted Arbitrary Executable File Formats File System.
[[0;32m  OK  [0m] Started AppArmor initialization.
         Starting Load AppArmor profiles managed internally by snapd...
         Starting Initial cloud-init job (pre-networking)...
[[0;32m  OK  [0m] Started Load AppArmor profiles managed internally by snapd.
[[0;32m  OK  [0m] Started Set console font and keymap.
[   14.531533] cloud-init[733]: Cloud-init v. 23.1.2-0ubuntu0~18.04.1 running 'init-local' at Mon, 02 Jun 2025 20:36:57 +0000. Up 14.09 seconds.
[[0;32m  OK  [0m] Started Initial cloud-init job (pre-networking).
[[0;32m  OK  [0m] Reached target Network (Pre).
         Starting Network Service...
[[0;32m  OK  [0m] Started Network Service.
         Starting Wait for Network to be Configured...
         Starting Network Name Resolution...
[[0;32m  OK  [0m] Started Network Name Resolution.
[[0;32m  OK  [0m] Reached target Network.
[[0;32m  OK  [0m] Reached target Host and Network Name Lookups.
[[0;32m  OK  [0m] Started Wait for Network to be Configured.
         Starting Initial cloud-init job (metadata service crawler)...
[   16.802210] cloud-init[880]: Cloud-init v. 23.1.2-0ubuntu0~18.04.1 running 'init' at Mon, 02 Jun 2025 20:37:00 +0000. Up 16.66 seconds.
[   16.809074] cloud-init[880]: ci-info: ++++++++++++++++++++++++++++++++++++++Net device info++++++++++++++++++++++++++++++++++++++
[   16.813946] cloud-init[880]: ci-info: +--------+------+----------------------------+---------------+--------+-------------------+
[   16.818555] cloud-init[880]: ci-info: | Device |  Up  |          Address           |      Mask     | Scope  |     Hw-Address    |
[   16.824011] cloud-init[880]: ci-info: +--------+------+----------------------------+---------------+--------+-------------------+
[   16.828445] cloud-init[880]: ci-info: | enp0s3 | True |         10.0.2.15          | 255.255.255.0 | global | 02:3b:7b:b7:3b:2d |
[   16.832384] cloud-init[880]: ci-info: | enp0s3 | True | fe80::3b:7bff:feb7:3b2d/64 |       .       |  link  | 02:3b:7b:b7:3b:2d |
[   16.836696] cloud-init[880]: ci-info: |   lo   | True |         127.0.0.1          |   255.0.0.0   |  host  |         .         |
[   16.841197] cloud-init[880]: ci-info: |   lo   | True |          ::1/128           |       .       |  host  |         .         |
[   16.845295] cloud-init[880]: ci-info: +--------+------+----------------------------+---------------+--------+-------------------+
[   16.849534] cloud-init[880]: ci-info: ++++++++++++++++++++++++++++Route IPv4 info+++++++++++++++++++++++++++++
[   16.853067] cloud-init[880]: ci-info: +-------+-------------+----------+-----------------+-----------+-------+
[   16.856714] cloud-init[880]: ci-info: | Route | Destination | Gateway  |     Genmask     | Interface | Flags |
[   16.860322] cloud-init[880]: ci-info: +-------+-------------+----------+-----------------+-----------+-------+
[   16.863773] cloud-init[880]: ci-info: |   0   |   0.0.0.0   | 10.0.2.2 |     0.0.0.0     |   enp0s3  |   UG  |
[   16.867305] cloud-init[880]: ci-info: |   1   |   10.0.2.0  | 0.0.0.0  |  255.255.255.0  |   enp0s3  |   U   |
[   16.876527] cloud-init[880]: ci-info: |   2   |   10.0.2.2  | 0.0.0.0  | 255.255.255.255 |   enp0s3  |   UH  |
[   16.880633] cloud-init[880]: ci-info: +-------+-------------+----------+-----------------+-----------+-------+
[   16.884274] cloud-init[880]: ci-info: +++++++++++++++++++Route IPv6 info+++++++++++++++++++
[   16.887250] cloud-init[880]: ci-info: +-------+-------------+---------+-----------+-------+
[   16.891135] cloud-init[880]: ci-info: | Route | Destination | Gateway | Interface | Flags |
[   16.894647] cloud-init[880]: ci-info: +-------+-------------+---------+-----------+-------+
[   16.897558] cloud-init[880]: ci-info: |   1   |  fe80::/64  |    ::   |   enp0s3  |   U   |
[   16.900657] cloud-init[880]: ci-info: |   3   |    local    |    ::   |   enp0s3  |   U   |
[   16.903544] cloud-init[880]: ci-info: |   4   |   ff00::/8  |    ::   |   enp0s3  |   U   |
[   16.906930] cloud-init[880]: ci-info: +-------+-------------+---------+-----------+-------+
[   18.127205] cloud-init[880]: Generating public/private rsa key pair.
[   18.132229] cloud-init[880]: Your identification has been saved in /etc/ssh/ssh_host_rsa_key.
[   18.137955] cloud-init[880]: Your public key has been saved in /etc/ssh/ssh_host_rsa_key.pub.
[   18.143147] cloud-init[880]: The key fingerprint is:
[   18.146689] cloud-init[880]: SHA256:6cxpXmQK/iTf41yrDRLJnisYeCsGZA5m8QTCPUf08As root@ubuntu-bionic
[   18.155688] cloud-init[880]: The key's randomart image is:
[   18.162547] cloud-init[880]: +---[RSA 2048]----+
[   18.169014] cloud-init[880]: |o.o o+           |
[   18.174764] cloud-init[880]: |.o + .+          |
[   18.181958] cloud-init[880]: |  + oE o         |
[   18.187208] cloud-init[880]: |.= .  ...o       |
[   18.193021] cloud-init[880]: |B  .  ..S o      |
[   18.198696] cloud-init[880]: |... o. * B       |
[   18.205035] cloud-init[880]: | . . +o % o .    |[[0;32m  OK  [0m] Started Initial cloud-init job (metadata service crawler).

[   18.222862] cloud-init[[0;32m  OK  [0m] Reached target Network is Online.
[880]: |  o o .B *.+ .   |
[   18.229458] cloud-init[880]: | . .   .=.=oo    |
[   18.232550] cloud-init[880]: +----[SHA256]-----+
         Starting Availability of block devices...
[[0;32m  OK  [0m] Reached target Remote File Systems (Pre).
[[0;32m  OK  [0m] Reached target Remote File Systems.
[[0;32m  OK  [0m] Reached target Cloud-config availability.
[[0;32m  OK  [0m] Reached target System Initialization.
         Starting Socket activation for snappy daemon.
[   18.238688] cloud-init[880]: Generating public/private dsa key pair.
[   18.265019] cloud-init[880]: Your identification has been saved in /etc/ssh/ssh_host_dsa_key.
[   18.269179] cloud-init[880]: Your public key has been saved in /etc/ssh/ssh_host_dsa_key.pub.
[   18.274028] cloud-init[880]: The key fingerprint is:
[[0;32m  OK  [0m] Started Daily apt download activities.
[   18.279988] cloud-init[880]: SHA256:op3vnMIsZjaAcC+co/9iDXpYWaPwGemczn4tzvx4Vso root@ubuntu-bionic
[[0;32m  OK  [0m] Started ACPI Events Check.
[   18.293403] [[0;32m  OK  [0m] Reached target Paths.
[[0;32m  OK  [0m] Started Daily Cleanup of Temporary Directories.
[[0;32m  OK  [0m] Listening on ACPID Listen Socket.
         Starting LXD - unix socket.
[[0;32m  OK  [0m] Started Daily apt upgrade and clean activities.
[[0;32m  OK  [0m] Started Message of the Day.
[[0;32m  OK  [0m] Started Ubuntu Advantage Timer for running repeated jobs.
[[0;32m  OK  [0m] Listening on UUID daemon activation socket.
[[0;32m  OK  [0m] Started Discard unused blocks once a week.
[[0;32m  OK  [0m] Reached target Timers.
[[0;32m  OK  [0m] Listening on D-Bus System Message Bus Socket.
[[0;32m  OK  [0m] Listening on cloud-init hotplug hook socket.
[[0;32m  OK  [0m] Listening on Open-iSCSI iscsid Socket.
[[0;32m  OK  [0m] Started Availability of block devices.
[[0;32m  OK  [0m] Listening on Socket activation for snappy daemon.
[[0;32m  OK  [0m] Listening on LXD - unix socket.
[[0;32m  OK  [0m] Reached target Sockets.
[[0;32m  OK  [0m] Reached target Basic System.
cloud-init[880]: The key's randomart image is:
[[0;32m  OK  [0m] Started irqbalance daemon.
         Starting System Logging Service...
[   18.351488] cloud-init[880]: +---[DSA 1024]----+
         Starting Pollinate to seed the pseudo random number generator...
[   18.367240] cloud-init[880]: |                 |
[[0;32m  OK  [0m] Started D-Bus System Message Bus.
[   18.379494] cloud-init[880]: |                 |
[   18.387207] cloud-init[880]: |   .             |
[   18.390394] cloud-init[880]: |o + o            |
[   18.392772] cloud-init[880]: |.O X .. S        |
[   18.395444] cloud-init[880]: |. ^ .o o.        |
[   18.397877] cloud-init[880]: | B *.=oo         |
[   18.400449] cloud-init[880]: |+ *oX.Eo .       |
[   18.402979] cloud-init[880]: | =oO*B.o=        |
[   18.406052] cloud-init[880]: +----[SHA256]-----+
[   18.414131] cloud-init[880]: Generating public/private ecdsa key pair.
[   18.419011] cloud-init[880]: Your identification has been saved in /etc/ssh/ssh_host_ecdsa_key.
[   18.425525] cloud-init[880]: Your public key has been saved in /etc/ssh/ssh_host_ecdsa_key.pub.
[   18.433050] cloud-init[880]: The key fingerprint is:
[   18.438596] cloud-init[880]: SHA256:NYoQ4gwcdunVPh+/GYiy5v3MJK7QlDfFw61gf+/9ux8 root@ubuntu-bionic
[   18.445970] cloud-init[880]: The key's randomart image is:
[   18.449576] cloud-init[880]: +---[ECDSA 256]---+
[   18.453755] cloud-init[880]: |ooo.o .          |
[   18.457545] cloud-init[880]: |.=.o o .o .      |
[   18.460689] cloud-init[880]: |  + o .o =o.     |
[   18.463973] cloud-init[880]: |   . .o+++o.     |
[   18.467369] cloud-init[880]: |     o.oSo+.     |
[   18.476958] cloud-init[880]: |    o....o.o.    |
[   18.487558] cloud-init[880]: |   . .o. .  +. E |
[   18.494923] cloud-init[880]: [[0;32m  OK  [0m] Started Deferred execution scheduler.
[[0;32m  OK  [0m] Reached target Login Prompts (Pre).
         Starting LSB: automatic crash report generation...
|    .oo =  o. . .|
         Starting Login Service...
[   18.528483]          Starting LXD - container startup/shutdown...
         Starting LSB: Record successful boot for GRUB...
         Starting Accounts Service...
cloud-init[880]: |    oo.o.+   . +B|
[   18.557470] cloud-init[880]: +----[SHA256]-----+
[   18.573443] cloud-init[880]: Generating public/private ed25519 key pair.
[   18.590244] cloud-init[880]: Your identification has been saved in /etc/ssh/ssh_host_ed25519_key.
[   18.599526] cloud-init[880]: Your public key has been saved in /etc/ssh/ssh_host_ed25519_key.pub.
[   18.610365] cloud-init[880]: The key fingerprint is:
[   18.617823] cloud-init[880]: SHA256:ghFMviS0CGUtFHZGzXSqI7pFMZ9IBFcWFNxnYDBcNFs root@ubuntu-bionic
[   18.628830] cloud-init[880]: The key's randomart image is:
[   18.649520] cloud-init[880]: +--[ED25519 256]--+
[   18.665042] cloud-init[880]: |o+X@#@B.E        |
[   18.673180] [[0;32m  OK  [0m] Started Regular background program processing daemon.
         Starting Permit User Sessions...
cloud-init[880]: |.B.*=++*o        |
[   18.698099] cloud-init[880]: |. *.+ oo         |
[   18.714324] [[0;32m  OK  [0m] Started FUSE filesystem for LXC.
cloud-init[880]: | . B *           |
[   18.735470] cloud-init[880]: |  + B . S        |
[   18.747990] cloud-init[880]: | o . . .         |
[   18.761497] cloud-init[880]: |. .              |
[   18.764747] cloud-init[880]: | o               |
[   18.771218] cloud-init[880]: |.                |
[   18.774747] cloud-init[880]: +----[SHA256]-----+
         Starting Dispatcher daemon for systemd-networkd...
         Starting Virtualbox guest utils...
         Starting Snap Daemon...
[[0;32m  OK  [0m] Started System Logging Service.
[[0;32m  OK  [0m] Started Permit User Sessions.
[[0;32m  OK  [0m] Started Login Service.
         Starting Authorization Manager...
[[0;32m  OK  [0m] Started Unattended Upgrades Shutdown.
         Starting Terminate Plymouth Boot Screen...
         Starting Hold until boot process finishes up...
[[0;32m  OK  [0m] Started Terminate Plymouth Boot Screen.
[[0;32m  OK  [0m] Started Hold until boot process finishes up.
[[0;32m  OK  [0m] Started LSB: automatic crash report generation.
         Starting Set console scheme...
[[0;32m  OK  [0m] Started Serial Getty on ttyS0.
[[0;32m  OK  [0m] Started Set console scheme.
[[0;32m  OK  [0m] Created slice system-getty.slice.
[[0;32m  OK  [0m] Started Getty on tty1.
[[0;32m  OK  [0m] Reached target Login Prompts.
[[0;32m  OK  [0m] Started LSB: Record successful boot for GRUB.
[[0;32m  OK  [0m] Started Authorization Manager.
[[0;32m  OK  [0m] Started Accounts Service.
[[0;32m  OK  [0m] Started LXD - container startup/shutdown.
[[0;32m  OK  [0m] Started Virtualbox guest utils.
[[0;32m  OK  [0m] Started Dispatcher daemon for systemd-networkd.
[[0;32m  OK  [0m] Started Snap Daemon.
         Starting Wait until snapd is fully seeded...
[[0;32m  OK  [0m] Started Pollinate to seed the pseudo random number generator.
         Starting OpenBSD Secure Shell server...
[[0;32m  OK  [0m] Started OpenBSD Secure Shell server.
[[0;32m  OK  [0m] Created slice User Slice of vagrant.
         Starting User Manager for UID 1000...
[[0;32m  OK  [0m] Started Session 1 of user vagrant.
[[0;32m  OK  [0m] Started User Manager for UID 1000.
         Starting Time & Date Service...
[[0;32m  OK  [0m] Started Time & Date Service.
[[0;32m  OK  [0m] Started Wait until snapd is fully seeded.
         Starting Apply the settings specified in cloud-config...
[   23.846850] cloud-init[1323]: Cloud-init v. 23.1.2-0ubuntu0~18.04.1 running 'modules:config' at Mon, 02 Jun 2025 20:37:06 +0000. Up 22.97 seconds.
[[0;32m  OK  [0m] Started Apply the settings specified in cloud-config.
[[0;32m  OK  [0m] Reached target Multi-User System.
[[0;32m  OK  [0m] Reached target Graphical Interface.
         Starting Update UTMP about System Runlevel Changes...
         Starting Execute cloud user/final scripts...
[[0;32m  OK  [0m] Started Update UTMP about System Runlevel Changes.

Ubuntu 18.04.6 LTS ubuntu-bionic ttyS0

ubuntu-bionic login: ci-info: no authorized SSH keys fingerprints found for user ubuntu.
<14>Jun  2 20:37:09 cloud-init: #############################################################
<14>Jun  2 20:37:09 cloud-init: -----BEGIN SSH HOST KEY FINGERPRINTS-----
<14>Jun  2 20:37:09 cloud-init: 1024 SHA256:op3vnMIsZjaAcC+co/9iDXpYWaPwGemczn4tzvx4Vso root@ubuntu-bionic (DSA)
<14>Jun  2 20:37:09 cloud-init: 256 SHA256:NYoQ4gwcdunVPh+/GYiy5v3MJK7QlDfFw61gf+/9ux8 root@ubuntu-bionic (ECDSA)
<14>Jun  2 20:37:09 cloud-init: 256 SHA256:ghFMviS0CGUtFHZGzXSqI7pFMZ9IBFcWFNxnYDBcNFs root@ubuntu-bionic (ED25519)
<14>Jun  2 20:37:09 cloud-init: 2048 SHA256:6cxpXmQK/iTf41yrDRLJnisYeCsGZA5m8QTCPUf08As root@ubuntu-bionic (RSA)
<14>Jun  2 20:37:09 cloud-init: -----END SSH HOST KEY FINGERPRINTS-----
<14>Jun  2 20:37:09 cloud-init: #############################################################
-----BEGIN SSH HOST KEY KEYS-----
ecdsa-sha2-nistp256 AAAAE2VjZHNhLXNoYTItbmlzdHAyNTYAAAAIbmlzdHAyNTYAAABBBMD/eEJgEaOZll86S0XgBU53G2A3dMF2BHjclE5aMPBrpJCSYIxnIr+GtpPYrmKE9CGyzHuPNofsUlQNJzZsAII= root@ubuntu-bionic
ssh-ed25519 AAAAC3NzaC1lZDI1NTE5AAAAIJkceOBDJ4rGd2EIJaEf/6KlySjpfZQfkFPV11WxkypM root@ubuntu-bionic
ssh-rsa AAAAB3NzaC1yc2EAAAADAQABAAABAQCl1KQk4pFtxb0wvcj6HZCg4rfWmnju42nWWnaIvLmsdAcMvRCyYbnZZgmlS9SBtXusUZhkD6kqHHWKuU/uHBnWGNiA4lyAIqLuStozCH/VVl4VJXh7yP2Eflm2YqVoReUz6w7aIsi1Sjus2Xc2sbOXPxfp0GRaaxymp4Br60GeVUUCNWx5C8dYPPzcZE91bjLcF3axUKJ3vxG/sUAETmBaby3rAitzS8Ua/LMdfZwHn9La5Mb5Wo2zm8wOxrXbALvY8JKyHvMTyA3/+QVv9AT9eFaNxi4CDubPXmTwniVJP6RYngjKFD7uDLADsz8uhJcrPL/U2NIcG6PC+F8kM143 root@ubuntu-bionic
-----END SSH HOST KEY KEYS-----
[   25.977553] cloud-init[1407]: Cloud-init v. 23.1.2-0ubuntu0~18.04.1 running 'modules:final' at Mon, 02 Jun 2025 20:37:08 +0000. Up 24.93 seconds.
[   26.039499] cloud-init[1407]: Cloud-init v. 23.1.2-0ubuntu0~18.04.1 finished at Mon, 02 Jun 2025 20:37:09 +0000. Datasource DataSourceNoCloud [seed=/dev/sdb][dsmode=net].  Up 25.96 seconds
